{"C:\\Users\\Egbuna\\Documents\\PROJECTS\\ALTschool exam\\Blogging-API-Assignment\\index.js": {"path":"C:\\Users\\Egbuna\\Documents\\PROJECTS\\ALTschool exam\\Blogging-API-Assignment\\index.js","statementMap":{"0":{"start":{"line":1,"column":16},"end":{"line":1,"column":34}},"1":{"start":{"line":2,"column":17},"end":{"line":2,"column":36}},"2":{"start":{"line":3,"column":18},"end":{"line":3,"column":49}},"3":{"start":{"line":4,"column":18},"end":{"line":4,"column":50}},"4":{"start":{"line":5,"column":18},"end":{"line":5,"column":49}},"5":{"start":{"line":6,"column":33},"end":{"line":6,"column":65}},"6":{"start":{"line":8,"column":12},"end":{"line":8,"column":21}},"7":{"start":{"line":10,"column":0},"end":{"line":10,"column":27}},"8":{"start":{"line":11,"column":0},"end":{"line":11,"column":23}},"9":{"start":{"line":13,"column":0},"end":{"line":16,"column":2}},"10":{"start":{"line":19,"column":0},"end":{"line":19,"column":32}},"11":{"start":{"line":20,"column":0},"end":{"line":20,"column":33}},"12":{"start":{"line":21,"column":0},"end":{"line":21,"column":33}},"13":{"start":{"line":24,"column":0},"end":{"line":26,"column":3}},"14":{"start":{"line":25,"column":4},"end":{"line":25,"column":30}},"15":{"start":{"line":29,"column":0},"end":{"line":31,"column":3}},"16":{"start":{"line":30,"column":4},"end":{"line":30,"column":62}},"17":{"start":{"line":33,"column":0},"end":{"line":33,"column":21}}},"fnMap":{"0":{"name":"(anonymous_0)","decl":{"start":{"line":24,"column":13},"end":{"line":24,"column":14}},"loc":{"start":{"line":24,"column":27},"end":{"line":26,"column":1}},"line":24},"1":{"name":"(anonymous_1)","decl":{"start":{"line":29,"column":13},"end":{"line":29,"column":14}},"loc":{"start":{"line":29,"column":27},"end":{"line":31,"column":1}},"line":29}},"branchMap":{},"s":{"0":3,"1":3,"2":3,"3":3,"4":3,"5":3,"6":3,"7":3,"8":3,"9":3,"10":3,"11":3,"12":3,"13":3,"14":1,"15":3,"16":2,"17":3},"f":{"0":1,"1":2},"b":{},"_coverageSchema":"1a1c01bbd47fc00a2c39e90264f33305004495a9","hash":"c06fb1358e51060ca158bf27c34e573dbf538d52"}
,"C:\\Users\\Egbuna\\Documents\\PROJECTS\\ALTschool exam\\Blogging-API-Assignment\\controllers\\postController.js": {"path":"C:\\Users\\Egbuna\\Documents\\PROJECTS\\ALTschool exam\\Blogging-API-Assignment\\controllers\\postController.js","statementMap":{"0":{"start":{"line":1,"column":13},"end":{"line":1,"column":38}},"1":{"start":{"line":2,"column":13},"end":{"line":2,"column":38}},"2":{"start":{"line":4,"column":0},"end":{"line":12,"column":2}},"3":{"start":{"line":5,"column":20},"end":{"line":5,"column":38}},"4":{"start":{"line":6,"column":4},"end":{"line":11,"column":5}},"5":{"start":{"line":7,"column":26},"end":{"line":7,"column":46}},"6":{"start":{"line":8,"column":8},"end":{"line":8,"column":75}},"7":{"start":{"line":10,"column":8},"end":{"line":10,"column":55}},"8":{"start":{"line":14,"column":0},"end":{"line":31,"column":2}},"9":{"start":{"line":15,"column":4},"end":{"line":30,"column":5}},"10":{"start":{"line":16,"column":21},"end":{"line":16,"column":55}},"11":{"start":{"line":17,"column":8},"end":{"line":27,"column":9}},"12":{"start":{"line":18,"column":12},"end":{"line":24,"column":13}},"13":{"start":{"line":19,"column":36},"end":{"line":20,"column":48}},"14":{"start":{"line":21,"column":16},"end":{"line":21,"column":74}},"15":{"start":{"line":23,"column":16},"end":{"line":23,"column":44}},"16":{"start":{"line":26,"column":12},"end":{"line":26,"column":67}},"17":{"start":{"line":29,"column":8},"end":{"line":29,"column":36}},"18":{"start":{"line":33,"column":0},"end":{"line":50,"column":2}},"19":{"start":{"line":34,"column":4},"end":{"line":49,"column":5}},"20":{"start":{"line":35,"column":21},"end":{"line":35,"column":55}},"21":{"start":{"line":36,"column":8},"end":{"line":46,"column":9}},"22":{"start":{"line":37,"column":12},"end":{"line":43,"column":13}},"23":{"start":{"line":38,"column":36},"end":{"line":39,"column":48}},"24":{"start":{"line":40,"column":16},"end":{"line":40,"column":74}},"25":{"start":{"line":42,"column":16},"end":{"line":42,"column":44}},"26":{"start":{"line":45,"column":12},"end":{"line":45,"column":67}},"27":{"start":{"line":48,"column":8},"end":{"line":48,"column":36}},"28":{"start":{"line":52,"column":0},"end":{"line":59,"column":2}},"29":{"start":{"line":53,"column":4},"end":{"line":58,"column":5}},"30":{"start":{"line":54,"column":17},"end":{"line":54,"column":51}},"31":{"start":{"line":55,"column":4},"end":{"line":55,"column":31}},"32":{"start":{"line":57,"column":8},"end":{"line":57,"column":36}},"33":{"start":{"line":61,"column":0},"end":{"line":91,"column":1}},"34":{"start":{"line":62,"column":19},"end":{"line":62,"column":35}},"35":{"start":{"line":63,"column":16},"end":{"line":63,"column":29}},"36":{"start":{"line":64,"column":17},"end":{"line":64,"column":31}},"37":{"start":{"line":65,"column":18},"end":{"line":65,"column":20}},"38":{"start":{"line":67,"column":23},"end":{"line":67,"column":41}},"39":{"start":{"line":68,"column":21},"end":{"line":68,"column":33}},"40":{"start":{"line":69,"column":4},"end":{"line":90,"column":5}},"41":{"start":{"line":71,"column":8},"end":{"line":86,"column":9}},"42":{"start":{"line":72,"column":12},"end":{"line":72,"column":46}},"43":{"start":{"line":73,"column":12},"end":{"line":73,"column":66}},"44":{"start":{"line":74,"column":15},"end":{"line":86,"column":9}},"45":{"start":{"line":75,"column":12},"end":{"line":75,"column":45}},"46":{"start":{"line":76,"column":12},"end":{"line":76,"column":66}},"47":{"start":{"line":77,"column":15},"end":{"line":86,"column":9}},"48":{"start":{"line":78,"column":12},"end":{"line":82,"column":14}},"49":{"start":{"line":83,"column":12},"end":{"line":83,"column":65}},"50":{"start":{"line":85,"column":12},"end":{"line":85,"column":43}},"51":{"start":{"line":87,"column":8},"end":{"line":87,"column":41}},"52":{"start":{"line":89,"column":8},"end":{"line":89,"column":35}}},"fnMap":{"0":{"name":"(anonymous_0)","decl":{"start":{"line":4,"column":22},"end":{"line":4,"column":23}},"loc":{"start":{"line":4,"column":42},"end":{"line":12,"column":1}},"line":4},"1":{"name":"(anonymous_1)","decl":{"start":{"line":14,"column":21},"end":{"line":14,"column":22}},"loc":{"start":{"line":14,"column":41},"end":{"line":31,"column":1}},"line":14},"2":{"name":"(anonymous_2)","decl":{"start":{"line":33,"column":21},"end":{"line":33,"column":22}},"loc":{"start":{"line":33,"column":41},"end":{"line":50,"column":1}},"line":33},"3":{"name":"(anonymous_3)","decl":{"start":{"line":52,"column":19},"end":{"line":52,"column":20}},"loc":{"start":{"line":52,"column":39},"end":{"line":59,"column":1}},"line":52},"4":{"name":"(anonymous_4)","decl":{"start":{"line":61,"column":22},"end":{"line":61,"column":23}},"loc":{"start":{"line":61,"column":42},"end":{"line":91,"column":1}},"line":61}},"branchMap":{"0":{"loc":{"start":{"line":17,"column":8},"end":{"line":27,"column":9}},"type":"if","locations":[{"start":{"line":17,"column":8},"end":{"line":27,"column":9}},{"start":{"line":25,"column":15},"end":{"line":27,"column":9}}],"line":17},"1":{"loc":{"start":{"line":36,"column":8},"end":{"line":46,"column":9}},"type":"if","locations":[{"start":{"line":36,"column":8},"end":{"line":46,"column":9}},{"start":{"line":44,"column":15},"end":{"line":46,"column":9}}],"line":36},"2":{"loc":{"start":{"line":71,"column":8},"end":{"line":86,"column":9}},"type":"if","locations":[{"start":{"line":71,"column":8},"end":{"line":86,"column":9}},{"start":{"line":74,"column":15},"end":{"line":86,"column":9}}],"line":71},"3":{"loc":{"start":{"line":74,"column":15},"end":{"line":86,"column":9}},"type":"if","locations":[{"start":{"line":74,"column":15},"end":{"line":86,"column":9}},{"start":{"line":77,"column":15},"end":{"line":86,"column":9}}],"line":74},"4":{"loc":{"start":{"line":77,"column":15},"end":{"line":86,"column":9}},"type":"if","locations":[{"start":{"line":77,"column":15},"end":{"line":86,"column":9}},{"start":{"line":84,"column":15},"end":{"line":86,"column":9}}],"line":77}},"s":{"0":3,"1":3,"2":3,"3":0,"4":0,"5":0,"6":0,"7":0,"8":3,"9":0,"10":0,"11":0,"12":0,"13":0,"14":0,"15":0,"16":0,"17":0,"18":3,"19":0,"20":0,"21":0,"22":0,"23":0,"24":0,"25":0,"26":0,"27":0,"28":3,"29":0,"30":0,"31":0,"32":0,"33":3,"34":0,"35":0,"36":0,"37":0,"38":0,"39":0,"40":0,"41":0,"42":0,"43":0,"44":0,"45":0,"46":0,"47":0,"48":0,"49":0,"50":0,"51":0,"52":0},"f":{"0":0,"1":0,"2":0,"3":0,"4":0},"b":{"0":[0,0],"1":[0,0],"2":[0,0],"3":[0,0],"4":[0,0]},"_coverageSchema":"1a1c01bbd47fc00a2c39e90264f33305004495a9","hash":"f22cf6cbd5aa07b0588366b7f00ba063ae37c162"}
,"C:\\Users\\Egbuna\\Documents\\PROJECTS\\ALTschool exam\\Blogging-API-Assignment\\controllers\\userController.js": {"path":"C:\\Users\\Egbuna\\Documents\\PROJECTS\\ALTschool exam\\Blogging-API-Assignment\\controllers\\userController.js","statementMap":{"0":{"start":{"line":1,"column":13},"end":{"line":1,"column":38}},"1":{"start":{"line":2,"column":12},"end":{"line":2,"column":35}},"2":{"start":{"line":4,"column":0},"end":{"line":30,"column":1}},"3":{"start":{"line":5,"column":4},"end":{"line":29,"column":5}},"4":{"start":{"line":6,"column":24},"end":{"line":12,"column":10}},"5":{"start":{"line":14,"column":21},"end":{"line":14,"column":41}},"6":{"start":{"line":15,"column":8},"end":{"line":15,"column":71}},"7":{"start":{"line":17,"column":8},"end":{"line":17,"column":27}},"8":{"start":{"line":18,"column":8},"end":{"line":28,"column":9}},"9":{"start":{"line":19,"column":12},"end":{"line":22,"column":14}},"10":{"start":{"line":25,"column":12},"end":{"line":27,"column":15}},"11":{"start":{"line":32,"column":0},"end":{"line":49,"column":1}},"12":{"start":{"line":33,"column":4},"end":{"line":48,"column":5}},"13":{"start":{"line":34,"column":34},"end":{"line":34,"column":42}},"14":{"start":{"line":36,"column":8},"end":{"line":38,"column":9}},"15":{"start":{"line":37,"column":12},"end":{"line":37,"column":84}},"16":{"start":{"line":40,"column":22},"end":{"line":40,"column":99}},"17":{"start":{"line":41,"column":8},"end":{"line":41,"column":55}},"18":{"start":{"line":42,"column":8},"end":{"line":42,"column":61}},"19":{"start":{"line":44,"column":8},"end":{"line":44,"column":26}},"20":{"start":{"line":45,"column":8},"end":{"line":47,"column":10}}},"fnMap":{"0":{"name":"(anonymous_0)","decl":{"start":{"line":4,"column":23},"end":{"line":4,"column":24}},"loc":{"start":{"line":4,"column":43},"end":{"line":30,"column":1}},"line":4},"1":{"name":"(anonymous_1)","decl":{"start":{"line":32,"column":20},"end":{"line":32,"column":21}},"loc":{"start":{"line":32,"column":40},"end":{"line":49,"column":1}},"line":32}},"branchMap":{"0":{"loc":{"start":{"line":18,"column":8},"end":{"line":28,"column":9}},"type":"if","locations":[{"start":{"line":18,"column":8},"end":{"line":28,"column":9}},{"start":{"line":24,"column":13},"end":{"line":28,"column":9}}],"line":18},"1":{"loc":{"start":{"line":36,"column":8},"end":{"line":38,"column":9}},"type":"if","locations":[{"start":{"line":36,"column":8},"end":{"line":38,"column":9}},{"start":{},"end":{}}],"line":36},"2":{"loc":{"start":{"line":36,"column":12},"end":{"line":36,"column":31}},"type":"binary-expr","locations":[{"start":{"line":36,"column":12},"end":{"line":36,"column":18}},{"start":{"line":36,"column":22},"end":{"line":36,"column":31}}],"line":36}},"s":{"0":3,"1":3,"2":3,"3":2,"4":2,"5":2,"6":0,"7":1,"8":1,"9":0,"10":1,"11":3,"12":0,"13":0,"14":0,"15":0,"16":0,"17":0,"18":0,"19":0,"20":0},"f":{"0":2,"1":0},"b":{"0":[0,1],"1":[0,0],"2":[0,0]},"_coverageSchema":"1a1c01bbd47fc00a2c39e90264f33305004495a9","hash":"8372e263ce548f185529e00a51ea783ecbb1fb9a"}
,"C:\\Users\\Egbuna\\Documents\\PROJECTS\\ALTschool exam\\Blogging-API-Assignment\\database\\index.js": {"path":"C:\\Users\\Egbuna\\Documents\\PROJECTS\\ALTschool exam\\Blogging-API-Assignment\\database\\index.js","statementMap":{"0":{"start":{"line":1,"column":17},"end":{"line":1,"column":36}},"1":{"start":{"line":3,"column":16},"end":{"line":14,"column":1}},"2":{"start":{"line":4,"column":4},"end":{"line":4,"column":55}},"3":{"start":{"line":6,"column":4},"end":{"line":8,"column":7}},"4":{"start":{"line":7,"column":8},"end":{"line":7,"column":57}},"5":{"start":{"line":10,"column":4},"end":{"line":13,"column":7}},"6":{"start":{"line":11,"column":8},"end":{"line":11,"column":69}},"7":{"start":{"line":12,"column":8},"end":{"line":12,"column":25}},"8":{"start":{"line":16,"column":0},"end":{"line":18,"column":2}}},"fnMap":{"0":{"name":"(anonymous_0)","decl":{"start":{"line":3,"column":16},"end":{"line":3,"column":17}},"loc":{"start":{"line":3,"column":25},"end":{"line":14,"column":1}},"line":3},"1":{"name":"(anonymous_1)","decl":{"start":{"line":6,"column":40},"end":{"line":6,"column":41}},"loc":{"start":{"line":6,"column":46},"end":{"line":8,"column":5}},"line":6},"2":{"name":"(anonymous_2)","decl":{"start":{"line":10,"column":36},"end":{"line":10,"column":37}},"loc":{"start":{"line":10,"column":45},"end":{"line":13,"column":5}},"line":10}},"branchMap":{"0":{"loc":{"start":{"line":4,"column":21},"end":{"line":4,"column":54}},"type":"binary-expr","locations":[{"start":{"line":4,"column":21},"end":{"line":4,"column":24}},{"start":{"line":4,"column":28},"end":{"line":4,"column":54}}],"line":4}},"s":{"0":1,"1":1,"2":1,"3":1,"4":0,"5":1,"6":0,"7":0,"8":1},"f":{"0":1,"1":0,"2":0},"b":{"0":[1,1]},"_coverageSchema":"1a1c01bbd47fc00a2c39e90264f33305004495a9","hash":"5b3ec437c72bf709002c325d3c2bb3833215738d"}
,"C:\\Users\\Egbuna\\Documents\\PROJECTS\\ALTschool exam\\Blogging-API-Assignment\\middleware\\authUser.js": {"path":"C:\\Users\\Egbuna\\Documents\\PROJECTS\\ALTschool exam\\Blogging-API-Assignment\\middleware\\authUser.js","statementMap":{"0":{"start":{"line":1,"column":12},"end":{"line":1,"column":35}},"1":{"start":{"line":3,"column":33},"end":{"line":20,"column":1}},"2":{"start":{"line":4,"column":21},"end":{"line":4,"column":46}},"3":{"start":{"line":6,"column":2},"end":{"line":8,"column":3}},"4":{"start":{"line":7,"column":4},"end":{"line":7,"column":53}},"5":{"start":{"line":10,"column":16},"end":{"line":10,"column":40}},"6":{"start":{"line":12,"column":2},"end":{"line":19,"column":3}},"7":{"start":{"line":13,"column":20},"end":{"line":13,"column":70}},"8":{"start":{"line":14,"column":29},"end":{"line":14,"column":36}},"9":{"start":{"line":15,"column":4},"end":{"line":15,"column":32}},"10":{"start":{"line":16,"column":4},"end":{"line":16,"column":11}},"11":{"start":{"line":18,"column":4},"end":{"line":18,"column":44}},"12":{"start":{"line":22,"column":0},"end":{"line":22,"column":42}}},"fnMap":{"0":{"name":"(anonymous_0)","decl":{"start":{"line":3,"column":33},"end":{"line":3,"column":34}},"loc":{"start":{"line":3,"column":59},"end":{"line":20,"column":1}},"line":3}},"branchMap":{"0":{"loc":{"start":{"line":6,"column":2},"end":{"line":8,"column":3}},"type":"if","locations":[{"start":{"line":6,"column":2},"end":{"line":8,"column":3}},{"start":{},"end":{}}],"line":6},"1":{"loc":{"start":{"line":6,"column":6},"end":{"line":6,"column":54}},"type":"binary-expr","locations":[{"start":{"line":6,"column":6},"end":{"line":6,"column":17}},{"start":{"line":6,"column":21},"end":{"line":6,"column":54}}],"line":6}},"s":{"0":3,"1":3,"2":0,"3":0,"4":0,"5":0,"6":0,"7":0,"8":0,"9":0,"10":0,"11":0,"12":3},"f":{"0":0},"b":{"0":[0,0],"1":[0,0]},"_coverageSchema":"1a1c01bbd47fc00a2c39e90264f33305004495a9","hash":"7a3230d9644c0d4d427a4f510fa29f749ed7bcb3"}
,"C:\\Users\\Egbuna\\Documents\\PROJECTS\\ALTschool exam\\Blogging-API-Assignment\\models\\Post.js": {"path":"C:\\Users\\Egbuna\\Documents\\PROJECTS\\ALTschool exam\\Blogging-API-Assignment\\models\\Post.js","statementMap":{"0":{"start":{"line":1,"column":17},"end":{"line":1,"column":36}},"1":{"start":{"line":3,"column":19},"end":{"line":38,"column":24}},"2":{"start":{"line":40,"column":0},"end":{"line":40,"column":52}}},"fnMap":{},"branchMap":{},"s":{"0":3,"1":3,"2":3},"f":{},"b":{},"_coverageSchema":"1a1c01bbd47fc00a2c39e90264f33305004495a9","hash":"c5fae3795a3a58517f256825ce3df6021fbcc790"}
,"C:\\Users\\Egbuna\\Documents\\PROJECTS\\ALTschool exam\\Blogging-API-Assignment\\models\\User.js": {"path":"C:\\Users\\Egbuna\\Documents\\PROJECTS\\ALTschool exam\\Blogging-API-Assignment\\models\\User.js","statementMap":{"0":{"start":{"line":1,"column":17},"end":{"line":1,"column":36}},"1":{"start":{"line":3,"column":19},"end":{"line":26,"column":2}},"2":{"start":{"line":28,"column":0},"end":{"line":28,"column":52}}},"fnMap":{},"branchMap":{},"s":{"0":3,"1":3,"2":3},"f":{},"b":{},"_coverageSchema":"1a1c01bbd47fc00a2c39e90264f33305004495a9","hash":"a19575ef11051dbb486ef7d5d5e43a6b2983611e"}
,"C:\\Users\\Egbuna\\Documents\\PROJECTS\\ALTschool exam\\Blogging-API-Assignment\\routes\\auth.routes.js": {"path":"C:\\Users\\Egbuna\\Documents\\PROJECTS\\ALTschool exam\\Blogging-API-Assignment\\routes\\auth.routes.js","statementMap":{"0":{"start":{"line":1,"column":15},"end":{"line":1,"column":42}},"1":{"start":{"line":2,"column":23},"end":{"line":2,"column":63}},"2":{"start":{"line":5,"column":0},"end":{"line":5,"column":53}},"3":{"start":{"line":8,"column":0},"end":{"line":8,"column":48}},"4":{"start":{"line":10,"column":0},"end":{"line":10,"column":24}}},"fnMap":{},"branchMap":{},"s":{"0":3,"1":3,"2":3,"3":3,"4":3},"f":{},"b":{},"_coverageSchema":"1a1c01bbd47fc00a2c39e90264f33305004495a9","hash":"066d61b64ac5840cc19ac0c881cc67ec66f54e89"}
,"C:\\Users\\Egbuna\\Documents\\PROJECTS\\ALTschool exam\\Blogging-API-Assignment\\routes\\post.routes.js": {"path":"C:\\Users\\Egbuna\\Documents\\PROJECTS\\ALTschool exam\\Blogging-API-Assignment\\routes\\post.routes.js","statementMap":{"0":{"start":{"line":1,"column":15},"end":{"line":1,"column":42}},"1":{"start":{"line":2,"column":13},"end":{"line":2,"column":38}},"2":{"start":{"line":3,"column":33},"end":{"line":3,"column":66}},"3":{"start":{"line":4,"column":23},"end":{"line":4,"column":63}},"4":{"start":{"line":7,"column":0},"end":{"line":7,"column":55}},"5":{"start":{"line":10,"column":0},"end":{"line":10,"column":46}},"6":{"start":{"line":13,"column":0},"end":{"line":13,"column":49}},"7":{"start":{"line":16,"column":0},"end":{"line":16,"column":44}},"8":{"start":{"line":19,"column":0},"end":{"line":19,"column":44}},"9":{"start":{"line":21,"column":0},"end":{"line":21,"column":23}}},"fnMap":{},"branchMap":{},"s":{"0":3,"1":3,"2":3,"3":3,"4":3,"5":3,"6":3,"7":3,"8":3,"9":3},"f":{},"b":{},"_coverageSchema":"1a1c01bbd47fc00a2c39e90264f33305004495a9","hash":"2a4724075c2682004eb099b90d09fa4c8eaf822a"}
,"C:\\Users\\Egbuna\\Documents\\PROJECTS\\ALTschool exam\\Blogging-API-Assignment\\routes\\users.routes.js": {"path":"C:\\Users\\Egbuna\\Documents\\PROJECTS\\ALTschool exam\\Blogging-API-Assignment\\routes\\users.routes.js","statementMap":{"0":{"start":{"line":1,"column":15},"end":{"line":1,"column":42}},"1":{"start":{"line":2,"column":13},"end":{"line":2,"column":38}},"2":{"start":{"line":3,"column":13},"end":{"line":3,"column":38}},"3":{"start":{"line":4,"column":15},"end":{"line":4,"column":34}},"4":{"start":{"line":7,"column":0},"end":{"line":22,"column":3}},"5":{"start":{"line":8,"column":4},"end":{"line":21,"column":5}},"6":{"start":{"line":9,"column":8},"end":{"line":12,"column":9}},"7":{"start":{"line":10,"column":25},"end":{"line":10,"column":49}},"8":{"start":{"line":11,"column":12},"end":{"line":11,"column":75}},"9":{"start":{"line":13,"column":8},"end":{"line":18,"column":9}},"10":{"start":{"line":14,"column":32},"end":{"line":14,"column":106}},"11":{"start":{"line":15,"column":12},"end":{"line":15,"column":45}},"12":{"start":{"line":17,"column":12},"end":{"line":17,"column":39}},"13":{"start":{"line":20,"column":8},"end":{"line":20,"column":65}},"14":{"start":{"line":25,"column":0},"end":{"line":45,"column":3}},"15":{"start":{"line":26,"column":4},"end":{"line":44,"column":5}},"16":{"start":{"line":27,"column":8},"end":{"line":40,"column":9}},"17":{"start":{"line":28,"column":25},"end":{"line":28,"column":59}},"18":{"start":{"line":29,"column":12},"end":{"line":37,"column":13}},"19":{"start":{"line":31,"column":16},"end":{"line":31,"column":59}},"20":{"start":{"line":33,"column":16},"end":{"line":33,"column":60}},"21":{"start":{"line":34,"column":16},"end":{"line":34,"column":61}},"22":{"start":{"line":36,"column":12},"end":{"line":36,"column":39}},"23":{"start":{"line":39,"column":12},"end":{"line":39,"column":51}},"24":{"start":{"line":43,"column":8},"end":{"line":43,"column":65}},"25":{"start":{"line":48,"column":0},"end":{"line":57,"column":2}},"26":{"start":{"line":49,"column":4},"end":{"line":56,"column":5}},"27":{"start":{"line":50,"column":21},"end":{"line":50,"column":55}},"28":{"start":{"line":51,"column":38},"end":{"line":51,"column":47}},"29":{"start":{"line":52,"column":8},"end":{"line":52,"column":37}},"30":{"start":{"line":55,"column":8},"end":{"line":55,"column":35}},"31":{"start":{"line":60,"column":0},"end":{"line":60,"column":23}}},"fnMap":{"0":{"name":"(anonymous_0)","decl":{"start":{"line":7,"column":19},"end":{"line":7,"column":20}},"loc":{"start":{"line":7,"column":39},"end":{"line":22,"column":1}},"line":7},"1":{"name":"(anonymous_1)","decl":{"start":{"line":25,"column":22},"end":{"line":25,"column":23}},"loc":{"start":{"line":25,"column":42},"end":{"line":45,"column":1}},"line":25},"2":{"name":"(anonymous_2)","decl":{"start":{"line":48,"column":19},"end":{"line":48,"column":20}},"loc":{"start":{"line":48,"column":39},"end":{"line":57,"column":1}},"line":48}},"branchMap":{"0":{"loc":{"start":{"line":8,"column":4},"end":{"line":21,"column":5}},"type":"if","locations":[{"start":{"line":8,"column":4},"end":{"line":21,"column":5}},{"start":{"line":19,"column":11},"end":{"line":21,"column":5}}],"line":8},"1":{"loc":{"start":{"line":9,"column":8},"end":{"line":12,"column":9}},"type":"if","locations":[{"start":{"line":9,"column":8},"end":{"line":12,"column":9}},{"start":{},"end":{}}],"line":9},"2":{"loc":{"start":{"line":26,"column":4},"end":{"line":44,"column":5}},"type":"if","locations":[{"start":{"line":26,"column":4},"end":{"line":44,"column":5}},{"start":{"line":42,"column":11},"end":{"line":44,"column":5}}],"line":26}},"s":{"0":3,"1":3,"2":3,"3":3,"4":3,"5":0,"6":0,"7":0,"8":0,"9":0,"10":0,"11":0,"12":0,"13":0,"14":3,"15":0,"16":0,"17":0,"18":0,"19":0,"20":0,"21":0,"22":0,"23":0,"24":0,"25":3,"26":0,"27":0,"28":0,"29":0,"30":0,"31":3},"f":{"0":0,"1":0,"2":0},"b":{"0":[0,0],"1":[0,0],"2":[0,0]},"_coverageSchema":"1a1c01bbd47fc00a2c39e90264f33305004495a9","hash":"eed104ea1ca99a44d53bcb36ac97e719b1bbaf77"}
}
