TN:
SF:index.js
FN:24,(anonymous_0)
FNF:1
FNH:0
FNDA:0,(anonymous_0)
DA:1,2
DA:2,2
DA:3,2
DA:4,2
DA:5,2
DA:6,2
DA:7,2
DA:8,2
DA:10,2
DA:11,2
DA:13,2
DA:18,2
DA:19,2
DA:20,2
DA:21,2
DA:24,2
DA:25,0
DA:28,2
LF:18
LH:17
BRF:0
BRH:0
end_of_record
TN:
SF:middleware\authUser.js
FN:3,(anonymous_0)
FNF:1
FNH:0
FNDA:0,(anonymous_0)
DA:1,2
DA:3,2
DA:4,0
DA:6,0
DA:7,0
DA:10,0
DA:12,0
DA:13,0
DA:14,0
DA:15,0
DA:16,0
DA:18,0
DA:22,2
LF:13
LH:3
BRDA:6,0,0,0
BRDA:6,0,1,0
BRDA:6,1,0,0
BRDA:6,1,1,0
BRF:4
BRH:0
end_of_record
TN:
SF:models\Post.js
FNF:0
FNH:0
DA:1,2
DA:3,2
DA:37,2
LF:3
LH:3
BRF:0
BRH:0
end_of_record
TN:
SF:models\Tags.js
FNF:0
FNH:0
DA:1,2
DA:3,2
DA:10,2
LF:3
LH:3
BRF:0
BRH:0
end_of_record
TN:
SF:models\User.js
FNF:0
FNH:0
DA:1,2
DA:3,2
DA:27,2
LF:3
LH:3
BRF:0
BRH:0
end_of_record
TN:
SF:routes\auth.routes.js
FN:6,(anonymous_0)
FN:24,(anonymous_1)
FNF:2
FNH:1
FNDA:4,(anonymous_0)
FNDA:0,(anonymous_1)
DA:1,2
DA:2,2
DA:3,2
DA:6,2
DA:7,4
DA:8,4
DA:16,4
DA:17,0
DA:19,4
DA:24,2
DA:25,0
DA:26,0
DA:27,0
DA:28,0
DA:30,0
DA:31,0
DA:33,0
DA:37,2
LF:18
LH:10
BRDA:27,0,0,0
BRDA:27,0,1,0
BRDA:27,1,0,0
BRDA:27,1,1,0
BRF:4
BRH:0
end_of_record
TN:
SF:routes\post.routes.js
FN:6,(anonymous_0)
FN:17,(anonymous_1)
FN:37,(anonymous_2)
FN:56,(anonymous_3)
FN:66,(anonymous_4)
FN:78,(anonymous_5)
FNF:6
FNH:0
FNDA:0,(anonymous_0)
FNDA:0,(anonymous_1)
FNDA:0,(anonymous_2)
FNDA:0,(anonymous_3)
FNDA:0,(anonymous_4)
FNDA:0,(anonymous_5)
DA:1,2
DA:2,2
DA:3,2
DA:6,2
DA:7,0
DA:8,0
DA:9,0
DA:10,0
DA:12,0
DA:17,2
DA:18,0
DA:19,0
DA:20,0
DA:21,0
DA:22,0
DA:24,0
DA:26,0
DA:29,0
DA:32,0
DA:37,2
DA:38,0
DA:39,0
DA:40,0
DA:41,0
DA:42,0
DA:43,0
DA:45,0
DA:48,0
DA:51,0
DA:56,2
DA:57,0
DA:58,0
DA:59,0
DA:61,0
DA:66,2
DA:67,0
DA:68,0
DA:69,0
DA:70,0
DA:73,0
DA:78,2
DA:79,0
DA:80,0
DA:81,0
DA:82,0
DA:84,0
DA:85,0
DA:86,0
DA:88,0
DA:89,0
DA:90,0
DA:91,0
DA:92,0
DA:93,0
DA:94,0
DA:95,0
DA:100,0
DA:102,0
DA:104,0
DA:106,0
DA:110,2
LF:61
LH:10
BRDA:20,0,0,0
BRDA:20,0,1,0
BRDA:40,1,0,0
BRDA:40,1,1,0
BRDA:88,2,0,0
BRDA:88,2,1,0
BRDA:91,3,0,0
BRDA:91,3,1,0
BRDA:94,4,0,0
BRDA:94,4,1,0
BRF:10
BRH:0
end_of_record
TN:
SF:routes\tags.routes.js
FN:4,(anonymous_0)
FN:14,(anonymous_1)
FNF:2
FNH:0
FNDA:0,(anonymous_0)
FNDA:0,(anonymous_1)
DA:1,2
DA:2,2
DA:4,2
DA:5,0
DA:6,0
DA:7,0
DA:8,0
DA:10,0
DA:14,2
DA:15,0
DA:16,0
DA:17,0
DA:19,0
DA:23,2
LF:14
LH:5
BRF:0
BRH:0
end_of_record
TN:
SF:routes\users.routes.js
FN:7,(anonymous_0)
FN:25,(anonymous_1)
FN:48,(anonymous_2)
FNF:3
FNH:0
FNDA:0,(anonymous_0)
FNDA:0,(anonymous_1)
FNDA:0,(anonymous_2)
DA:1,2
DA:2,2
DA:3,2
DA:4,2
DA:7,2
DA:8,0
DA:9,0
DA:10,0
DA:11,0
DA:13,0
DA:14,0
DA:15,0
DA:17,0
DA:20,0
DA:25,2
DA:26,0
DA:27,0
DA:28,0
DA:29,0
DA:31,0
DA:33,0
DA:34,0
DA:36,0
DA:39,0
DA:43,0
DA:48,2
DA:49,0
DA:50,0
DA:51,0
DA:52,0
DA:55,0
DA:60,2
LF:32
LH:8
BRDA:8,0,0,0
BRDA:8,0,1,0
BRDA:9,1,0,0
BRDA:9,1,1,0
BRDA:26,2,0,0
BRDA:26,2,1,0
BRF:6
BRH:0
end_of_record
